start:1573226409
0
{"api_key":"krasi","api_secret":"krasi12345","method":"goto_game","gid":"400","uid":"545978","money":"10"}
over:1573226412
0
{"status":1,"msg":"https:\/\/fish.bgwin33.com\/index.html?lang=zh-CN&token=bVu+URzyvr7QSiJLit0G7uU6YymUCwkVNXnxJaZ+lo3EdvqHuy06yegX\/ZHAWMA\/KlH6bqT7umqiEEy5\/+oedj+JgmMUQStCLQ0xDuf5ft0bz4big\/NNvTOWkqHBHaNLLLVdJlNLDG3n70sSsXlJyKAQ\/lkhFCMKEzEQV2BOc84EO4+w\/S9JC4z2Reloz7ZBXgb5ClsAfgBOoYffN\/0BlJaxBPE2cyzkT2X4akkg6D0ZeTYrkBNAGiUcwdznHIFduQk+W1wh8yRPnnmia\/IqKhTiBgRw5gNbAWEO7AF8oxFxhkQATTsOEAXh8FKopuy7pFTuc2uZ+MOH6PW+I+c0eA==","money":"10","orders_number":"888kh8vvvhp5d2th"}
start:1573226431
0
{"api_key":"krasi","api_secret":"krasi12345","method":"goto_game","gid":"180","uid":"545978","money":"10"}
over:1573226439
0
{"status":1,"msg":"http:\/\/test.bw-gaming.com\/handler\/fastlogin?key=25c5e0d513c847dca85c8ea4e0da57db&UserName=khj5jila","money":30,"orders_number":"888kh8vvvhp5d27h"}
start:1573226513
0
{"api_key":"krasi","api_secret":"krasi12345","method":"goto_game","gid":"180","uid":"545978","money":"10"}
over:1573226514
0
{"status":1,"msg":"http:\/\/test.bw-gaming.com\/handler\/fastlogin?key=05dcd441b8174bc8977265abfd6434a8&UserName=khj5jila","money":"10","orders_number":"888kh8vvvhp5d2rh"}
start:1573226644
0
{"api_key":"krasi","api_secret":"krasi12345","method":"goto_game","gid":"180","uid":"545978","money":"40"}
over:1573226645
0
{"status":1,"msg":"http:\/\/test.bw-gaming.com\/handler\/fastlogin?key=7d84ebe440d74af3a661e7e66bef6c84&UserName=khj5jila","money":"40","orders_number":"888kh8vvvhp5d24h"}
